<?xml version="1.0" encoding="UTF-8"?>
<!-- Generated by org.testng.reporters.JUnitReportReporter -->
<testsuite skipped="0" hostname="5CG54423ZV" name="Hamcrast.testCustomMatcher1" tests="1" failures="0" timestamp="10 Nov 2019 14:14:51 GMT" time="0.016" errors="0">
  <testcase name="example1" time="0.016" classname="Hamcrast.testCustomMatcher1"/>
</testsuite> <!-- Hamcrast.testCustomMatcher1 -->
