<?xml version="1.0" encoding="UTF-8"?>
<!-- Generated by org.testng.reporters.JUnitReportReporter -->
<testsuite skipped="0" hostname="5CG54423ZV" name="RestAssuredDemo.RestAssuredDemo.k_authentication" tests="1" failures="0" timestamp="12 Nov 2019 10:40:21 GMT" time="5.078" errors="0">
  <testcase name="auth" time="5.078" classname="RestAssuredDemo.RestAssuredDemo.k_authentication"/>
</testsuite> <!-- RestAssuredDemo.RestAssuredDemo.k_authentication -->
