<?xml version="1.0" encoding="UTF-8"?>
<!-- Generated by org.testng.reporters.JUnitReportReporter -->
<testsuite skipped="0" hostname="5CG54423ZV" name="Hamcrast.b_arraylist" tests="1" failures="0" timestamp="10 Nov 2019 11:43:43 GMT" time="0.065" errors="0">
  <testcase name="listShouldInitiallyBeEmpty" time="0.065" classname="Hamcrast.b_arraylist"/>
</testsuite> <!-- Hamcrast.b_arraylist -->
