<?xml version="1.0" encoding="UTF-8"?>
<!-- Generated by org.testng.reporters.JUnitReportReporter -->
<testsuite skipped="0" hostname="5CG54423ZV" name="RestAssuredDemo.RestAssuredDemo.getHeader" tests="1" failures="0" timestamp="09 Nov 2019 12:23:56 GMT" time="1.870" errors="0">
  <testcase name="listAnalysis" time="1.870" classname="RestAssuredDemo.RestAssuredDemo.getHeader"/>
</testsuite> <!-- RestAssuredDemo.RestAssuredDemo.getHeader -->
