<?xml version="1.0" encoding="UTF-8"?>
<!-- Generated by org.testng.reporters.JUnitReportReporter -->
<testsuite skipped="0" hostname="5CG54423ZV" name="RestAssuredDemo.RestAssuredDemo.d_performance" tests="2" failures="0" timestamp="12 Nov 2019 10:26:27 GMT" time="3.689" errors="0">
  <testcase name="example1" time="3.018" classname="RestAssuredDemo.RestAssuredDemo.d_performance"/>
  <testcase name="example3" time="0.671" classname="RestAssuredDemo.RestAssuredDemo.d_performance"/>
</testsuite> <!-- RestAssuredDemo.RestAssuredDemo.d_performance -->
