<?xml version="1.0" encoding="UTF-8"?>
<!-- Generated by org.testng.reporters.JUnitReportReporter -->
<testsuite skipped="0" hostname="5CG54423ZV" name="RestAssuredDemo.RestAssuredDemo.a_getMethod" tests="2" failures="0" timestamp="12 Nov 2019 10:16:06 GMT" time="4.462" errors="0">
  <testcase name="example3" time="0.628" classname="RestAssuredDemo.RestAssuredDemo.a_getMethod"/>
  <testcase name="example2" time="3.834" classname="RestAssuredDemo.RestAssuredDemo.a_getMethod"/>
</testsuite> <!-- RestAssuredDemo.RestAssuredDemo.a_getMethod -->
