<?xml version="1.0" encoding="UTF-8"?>
<!-- Generated by org.testng.reporters.JUnitReportReporter -->
<testsuite skipped="0" hostname="5CG54423ZV" name="RestAssuredDemo.RestAssuredDemo.b_getHeader" tests="1" failures="0" timestamp="09 Nov 2019 21:39:56 GMT" time="2.210" errors="0">
  <testcase name="listAnalysis" time="2.210" classname="RestAssuredDemo.RestAssuredDemo.b_getHeader"/>
</testsuite> <!-- RestAssuredDemo.RestAssuredDemo.b_getHeader -->
