<?xml version="1.0" encoding="UTF-8"?>
<!-- Generated by org.testng.reporters.JUnitReportReporter -->
<testsuite skipped="0" hostname="5CG54423ZV" name="RestAssuredDemo.RestAssuredDemo.e_myFirstCode" tests="1" failures="0" timestamp="09 Nov 2019 17:59:41 GMT" time="3.133" errors="0">
  <testcase name="example1" time="3.133" classname="RestAssuredDemo.RestAssuredDemo.e_myFirstCode"/>
</testsuite> <!-- RestAssuredDemo.RestAssuredDemo.e_myFirstCode -->
