<?xml version="1.0" encoding="UTF-8"?>
<!-- Generated by org.testng.reporters.JUnitReportReporter -->
<testsuite skipped="0" hostname="5CG54423ZV" name="RestAssuredDemo.RestAssuredDemo.f_parsing" tests="1" failures="0" timestamp="09 Nov 2019 20:08:13 GMT" time="3.594" errors="0">
  <testcase name="example1" time="3.594" classname="RestAssuredDemo.RestAssuredDemo.f_parsing"/>
</testsuite> <!-- RestAssuredDemo.RestAssuredDemo.f_parsing -->
