<?xml version="1.0" encoding="UTF-8"?>
<!-- Generated by org.testng.reporters.JUnitReportReporter -->
<testsuite skipped="0" hostname="5CG54423ZV" name="RestAssuredDemo.RestAssuredDemo.j_ssl" tests="1" failures="0" timestamp="12 Nov 2019 10:37:26 GMT" time="5.685" errors="0">
  <testcase name="ssl1" time="5.685" classname="RestAssuredDemo.RestAssuredDemo.j_ssl"/>
</testsuite> <!-- RestAssuredDemo.RestAssuredDemo.j_ssl -->
